2020-01-29 12:15:16.685  INFO 6384 --- [restartedMain] c.m.e.EmailServiceApplication            : Starting EmailServiceApplication on LAPTOP-RBH83UE9 with PID 6384 (C:\software\test\email-service\target\classes started by errcn in C:\software\test\email-service)
2020-01-29 12:15:16.693  INFO 6384 --- [restartedMain] c.m.e.EmailServiceApplication            : No active profile set, falling back to default profiles: default
2020-01-29 12:15:16.921  INFO 6384 --- [restartedMain] .e.DevToolsPropertyDefaultsPostProcessor : Devtools property defaults active! Set 'spring.devtools.add-properties' to 'false' to disable
2020-01-29 12:15:16.922  INFO 6384 --- [restartedMain] .e.DevToolsPropertyDefaultsPostProcessor : For additional web related logging consider setting the 'logging.level.web' property to 'DEBUG'
2020-01-29 12:15:19.397  INFO 6384 --- [restartedMain] .s.d.r.c.RepositoryConfigurationDelegate : Bootstrapping Spring Data repositories in DEFAULT mode.
2020-01-29 12:15:19.448  INFO 6384 --- [restartedMain] .s.d.r.c.RepositoryConfigurationDelegate : Finished Spring Data repository scanning in 28ms. Found 0 repository interfaces.
2020-01-29 12:15:20.301  INFO 6384 --- [restartedMain] trationDelegate$BeanPostProcessorChecker : Bean 'org.springframework.transaction.annotation.ProxyTransactionManagementConfiguration' of type [org.springframework.transaction.annotation.ProxyTransactionManagementConfiguration$$EnhancerBySpringCGLIB$$3b9be991] is not eligible for getting processed by all BeanPostProcessors (for example: not eligible for auto-proxying)
2020-01-29 12:15:20.511  INFO 6384 --- [restartedMain] trationDelegate$BeanPostProcessorChecker : Bean 'org.springframework.security.config.annotation.configuration.ObjectPostProcessorConfiguration' of type [org.springframework.security.config.annotation.configuration.ObjectPostProcessorConfiguration$$EnhancerBySpringCGLIB$$d449b1cb] is not eligible for getting processed by all BeanPostProcessors (for example: not eligible for auto-proxying)
2020-01-29 12:15:20.523  INFO 6384 --- [restartedMain] trationDelegate$BeanPostProcessorChecker : Bean 'objectPostProcessor' of type [org.springframework.security.config.annotation.configuration.AutowireBeanFactoryObjectPostProcessor] is not eligible for getting processed by all BeanPostProcessors (for example: not eligible for auto-proxying)
2020-01-29 12:15:20.528  INFO 6384 --- [restartedMain] trationDelegate$BeanPostProcessorChecker : Bean 'org.springframework.security.access.expression.method.DefaultMethodSecurityExpressionHandler@52e0f385' of type [org.springframework.security.access.expression.method.DefaultMethodSecurityExpressionHandler] is not eligible for getting processed by all BeanPostProcessors (for example: not eligible for auto-proxying)
2020-01-29 12:15:20.529  INFO 6384 --- [restartedMain] trationDelegate$BeanPostProcessorChecker : Bean 'org.springframework.security.config.annotation.method.configuration.GlobalMethodSecurityConfiguration' of type [org.springframework.security.config.annotation.method.configuration.GlobalMethodSecurityConfiguration$$EnhancerBySpringCGLIB$$f91e547d] is not eligible for getting processed by all BeanPostProcessors (for example: not eligible for auto-proxying)
2020-01-29 12:15:20.558  INFO 6384 --- [restartedMain] trationDelegate$BeanPostProcessorChecker : Bean 'org.springframework.security.config.annotation.method.configuration.Jsr250MetadataSourceConfiguration' of type [org.springframework.security.config.annotation.method.configuration.Jsr250MetadataSourceConfiguration$$EnhancerBySpringCGLIB$$1e736c93] is not eligible for getting processed by all BeanPostProcessors (for example: not eligible for auto-proxying)
2020-01-29 12:15:20.563  INFO 6384 --- [restartedMain] trationDelegate$BeanPostProcessorChecker : Bean 'jsr250MethodSecurityMetadataSource' of type [org.springframework.security.access.annotation.Jsr250MethodSecurityMetadataSource] is not eligible for getting processed by all BeanPostProcessors (for example: not eligible for auto-proxying)
2020-01-29 12:15:20.568  INFO 6384 --- [restartedMain] trationDelegate$BeanPostProcessorChecker : Bean 'methodSecurityMetadataSource' of type [org.springframework.security.access.method.DelegatingMethodSecurityMetadataSource] is not eligible for getting processed by all BeanPostProcessors (for example: not eligible for auto-proxying)
2020-01-29 12:15:20.578  INFO 6384 --- [restartedMain] trationDelegate$BeanPostProcessorChecker : Bean 'org.springframework.hateoas.config.HateoasConfiguration' of type [org.springframework.hateoas.config.HateoasConfiguration$$EnhancerBySpringCGLIB$$bb1c36c3] is not eligible for getting processed by all BeanPostProcessors (for example: not eligible for auto-proxying)
2020-01-29 12:15:21.763  INFO 6384 --- [restartedMain] o.s.b.w.embedded.tomcat.TomcatWebServer  : Tomcat initialized with port(s): 9090 (http)
2020-01-29 12:15:21.833  INFO 6384 --- [restartedMain] o.apache.catalina.core.StandardService   : Starting service [Tomcat]
2020-01-29 12:15:21.834  INFO 6384 --- [restartedMain] org.apache.catalina.core.StandardEngine  : Starting Servlet engine: [Apache Tomcat/9.0.22]
2020-01-29 12:15:21.999  INFO 6384 --- [restartedMain] o.a.c.c.C.[Tomcat].[localhost].[/]       : Initializing Spring embedded WebApplicationContext
2020-01-29 12:15:21.999  INFO 6384 --- [restartedMain] o.s.web.context.ContextLoader            : Root WebApplicationContext: initialization completed in 5046 ms
2020-01-29 12:15:22.577  INFO 6384 --- [restartedMain] com.zaxxer.hikari.HikariDataSource       : HikariPool-1 - Starting...
2020-01-29 12:15:22.946  INFO 6384 --- [restartedMain] com.zaxxer.hikari.HikariDataSource       : HikariPool-1 - Start completed.
2020-01-29 12:15:23.155  INFO 6384 --- [restartedMain] o.hibernate.jpa.internal.util.LogHelper  : HHH000204: Processing PersistenceUnitInfo [
	name: default
	...]
2020-01-29 12:15:23.311  INFO 6384 --- [restartedMain] org.hibernate.Version                    : HHH000412: Hibernate Core {5.3.10.Final}
2020-01-29 12:15:23.314  INFO 6384 --- [restartedMain] org.hibernate.cfg.Environment            : HHH000206: hibernate.properties not found
2020-01-29 12:15:23.672  INFO 6384 --- [restartedMain] o.hibernate.annotations.common.Version   : HCANN000001: Hibernate Commons Annotations {5.0.4.Final}
2020-01-29 12:15:24.026  INFO 6384 --- [restartedMain] org.hibernate.dialect.Dialect            : HHH000400: Using dialect: org.hibernate.dialect.H2Dialect
2020-01-29 12:15:24.495  INFO 6384 --- [restartedMain] o.h.t.schema.internal.SchemaCreatorImpl  : HHH000476: Executing import script 'org.hibernate.tool.schema.internal.exec.ScriptSourceInputNonExistentImpl@4b0add6e'
2020-01-29 12:15:24.500  INFO 6384 --- [restartedMain] j.LocalContainerEntityManagerFactoryBean : Initialized JPA EntityManagerFactory for persistence unit 'default'
2020-01-29 12:15:24.564  INFO 6384 --- [restartedMain] o.s.b.d.a.OptionalLiveReloadServer       : LiveReload server is running on port 35729
2020-01-29 12:15:25.176  INFO 6384 --- [restartedMain] com.mail.emailservice.aop.LoggingAspect  : Execution time of MailConfiguration.getMailSender :: 44 ms
2020-01-29 12:15:25.974  INFO 6384 --- [restartedMain] .s.s.UserDetailsServiceAutoConfiguration : 

Using generated security password: 6a4d40c5-57e6-420c-bcfa-83f3435cfcef

2020-01-29 12:15:26.328  WARN 6384 --- [restartedMain] aWebConfiguration$JpaWebMvcConfiguration : spring.jpa.open-in-view is enabled by default. Therefore, database queries may be performed during view rendering. Explicitly configure spring.jpa.open-in-view to disable this warning
2020-01-29 12:15:26.561  INFO 6384 --- [restartedMain] o.s.s.web.DefaultSecurityFilterChain     : Creating filter chain: any request, [org.springframework.security.web.context.request.async.WebAsyncManagerIntegrationFilter@766ba74f, org.springframework.security.web.context.SecurityContextPersistenceFilter@24682466, org.springframework.security.web.header.HeaderWriterFilter@69f946c2, org.springframework.web.filter.CorsFilter@69962e2f, org.springframework.security.web.authentication.logout.LogoutFilter@6b30503d, org.springframework.security.web.savedrequest.RequestCacheAwareFilter@6aaaf615, org.springframework.security.web.servletapi.SecurityContextHolderAwareRequestFilter@1c09ee07, org.springframework.security.web.authentication.AnonymousAuthenticationFilter@57ed001e, org.springframework.security.web.session.SessionManagementFilter@16764aa4, org.springframework.security.web.access.ExceptionTranslationFilter@12b1f76b, org.springframework.security.web.access.intercept.FilterSecurityInterceptor@46307b43]
2020-01-29 12:15:26.900  INFO 6384 --- [restartedMain] o.s.s.concurrent.ThreadPoolTaskExecutor  : Initializing ExecutorService 'applicationTaskExecutor'
2020-01-29 12:15:27.746  INFO 6384 --- [restartedMain] o.s.b.w.embedded.tomcat.TomcatWebServer  : Tomcat started on port(s): 9090 (http) with context path ''
2020-01-29 12:15:27.751  INFO 6384 --- [restartedMain] c.m.e.EmailServiceApplication            : Started EmailServiceApplication in 11.747 seconds (JVM running for 12.645)
2020-01-29 12:16:37.079  INFO 6384 --- [Thread-5] o.s.s.concurrent.ThreadPoolTaskExecutor  : Shutting down ExecutorService 'applicationTaskExecutor'
2020-01-29 12:16:37.084  INFO 6384 --- [Thread-5] j.LocalContainerEntityManagerFactoryBean : Closing JPA EntityManagerFactory for persistence unit 'default'
2020-01-29 12:16:37.085  INFO 6384 --- [Thread-5] .SchemaDropperImpl$DelayedDropActionImpl : HHH000477: Starting delayed evictData of schema as part of SessionFactory shut-down'
2020-01-29 12:16:37.145  WARN 6384 --- [Thread-5] o.s.b.f.support.DisposableBeanAdapter    : Invocation of destroy method failed on bean with name 'inMemoryDatabaseShutdownExecutor': org.h2.jdbc.JdbcSQLNonTransientConnectionException: Database is already closed (to disable automatic closing at VM shutdown, add ";DB_CLOSE_ON_EXIT=FALSE" to the db URL) [90121-199]
2020-01-29 12:16:37.152  INFO 6384 --- [Thread-5] com.zaxxer.hikari.HikariDataSource       : HikariPool-1 - Shutdown initiated...
2020-01-29 12:16:37.156  INFO 6384 --- [Thread-5] com.zaxxer.hikari.HikariDataSource       : HikariPool-1 - Shutdown completed.
2020-01-29 12:16:37.749  INFO 6384 --- [restartedMain] c.m.e.EmailServiceApplication            : Starting EmailServiceApplication on LAPTOP-RBH83UE9 with PID 6384 (C:\software\test\email-service\target\classes started by errcn in C:\software\test\email-service)
2020-01-29 12:16:37.750  INFO 6384 --- [restartedMain] c.m.e.EmailServiceApplication            : No active profile set, falling back to default profiles: default
2020-01-29 12:16:38.558  INFO 6384 --- [restartedMain] .s.d.r.c.RepositoryConfigurationDelegate : Bootstrapping Spring Data repositories in DEFAULT mode.
2020-01-29 12:16:38.566  INFO 6384 --- [restartedMain] .s.d.r.c.RepositoryConfigurationDelegate : Finished Spring Data repository scanning in 8ms. Found 0 repository interfaces.
2020-01-29 12:16:38.676  INFO 6384 --- [restartedMain] trationDelegate$BeanPostProcessorChecker : Bean 'org.springframework.transaction.annotation.ProxyTransactionManagementConfiguration' of type [org.springframework.transaction.annotation.ProxyTransactionManagementConfiguration$$EnhancerBySpringCGLIB$$3b9be991] is not eligible for getting processed by all BeanPostProcessors (for example: not eligible for auto-proxying)
2020-01-29 12:16:38.692  INFO 6384 --- [restartedMain] trationDelegate$BeanPostProcessorChecker : Bean 'org.springframework.security.config.annotation.configuration.ObjectPostProcessorConfiguration' of type [org.springframework.security.config.annotation.configuration.ObjectPostProcessorConfiguration$$EnhancerBySpringCGLIB$$d449b1cb] is not eligible for getting processed by all BeanPostProcessors (for example: not eligible for auto-proxying)
2020-01-29 12:16:38.696  INFO 6384 --- [restartedMain] trationDelegate$BeanPostProcessorChecker : Bean 'objectPostProcessor' of type [org.springframework.security.config.annotation.configuration.AutowireBeanFactoryObjectPostProcessor] is not eligible for getting processed by all BeanPostProcessors (for example: not eligible for auto-proxying)
2020-01-29 12:16:38.698  INFO 6384 --- [restartedMain] trationDelegate$BeanPostProcessorChecker : Bean 'org.springframework.security.access.expression.method.DefaultMethodSecurityExpressionHandler@25457694' of type [org.springframework.security.access.expression.method.DefaultMethodSecurityExpressionHandler] is not eligible for getting processed by all BeanPostProcessors (for example: not eligible for auto-proxying)
2020-01-29 12:16:38.699  INFO 6384 --- [restartedMain] trationDelegate$BeanPostProcessorChecker : Bean 'org.springframework.security.config.annotation.method.configuration.GlobalMethodSecurityConfiguration' of type [org.springframework.security.config.annotation.method.configuration.GlobalMethodSecurityConfiguration$$EnhancerBySpringCGLIB$$f91e547d] is not eligible for getting processed by all BeanPostProcessors (for example: not eligible for auto-proxying)
2020-01-29 12:16:38.705  INFO 6384 --- [restartedMain] trationDelegate$BeanPostProcessorChecker : Bean 'org.springframework.security.config.annotation.method.configuration.Jsr250MetadataSourceConfiguration' of type [org.springframework.security.config.annotation.method.configuration.Jsr250MetadataSourceConfiguration$$EnhancerBySpringCGLIB$$1e736c93] is not eligible for getting processed by all BeanPostProcessors (for example: not eligible for auto-proxying)
2020-01-29 12:16:38.707  INFO 6384 --- [restartedMain] trationDelegate$BeanPostProcessorChecker : Bean 'jsr250MethodSecurityMetadataSource' of type [org.springframework.security.access.annotation.Jsr250MethodSecurityMetadataSource] is not eligible for getting processed by all BeanPostProcessors (for example: not eligible for auto-proxying)
2020-01-29 12:16:38.707  INFO 6384 --- [restartedMain] trationDelegate$BeanPostProcessorChecker : Bean 'methodSecurityMetadataSource' of type [org.springframework.security.access.method.DelegatingMethodSecurityMetadataSource] is not eligible for getting processed by all BeanPostProcessors (for example: not eligible for auto-proxying)
2020-01-29 12:16:38.710  INFO 6384 --- [restartedMain] trationDelegate$BeanPostProcessorChecker : Bean 'org.springframework.hateoas.config.HateoasConfiguration' of type [org.springframework.hateoas.config.HateoasConfiguration$$EnhancerBySpringCGLIB$$bb1c36c3] is not eligible for getting processed by all BeanPostProcessors (for example: not eligible for auto-proxying)
2020-01-29 12:16:38.948  INFO 6384 --- [restartedMain] o.s.b.w.embedded.tomcat.TomcatWebServer  : Tomcat initialized with port(s): 9090 (http)
2020-01-29 12:16:38.949  INFO 6384 --- [restartedMain] o.apache.catalina.core.StandardService   : Starting service [Tomcat]
2020-01-29 12:16:38.950  INFO 6384 --- [restartedMain] org.apache.catalina.core.StandardEngine  : Starting Servlet engine: [Apache Tomcat/9.0.22]
2020-01-29 12:16:39.033  INFO 6384 --- [restartedMain] o.a.c.c.C.[Tomcat].[localhost].[/]       : Initializing Spring embedded WebApplicationContext
2020-01-29 12:16:39.071  INFO 6384 --- [restartedMain] o.s.web.context.ContextLoader            : Root WebApplicationContext: initialization completed in 1314 ms
2020-01-29 12:16:39.212  INFO 6384 --- [restartedMain] com.zaxxer.hikari.HikariDataSource       : HikariPool-2 - Starting...
2020-01-29 12:16:39.215  INFO 6384 --- [restartedMain] com.zaxxer.hikari.HikariDataSource       : HikariPool-2 - Start completed.
2020-01-29 12:16:39.231  INFO 6384 --- [restartedMain] o.hibernate.jpa.internal.util.LogHelper  : HHH000204: Processing PersistenceUnitInfo [
	name: default
	...]
2020-01-29 12:16:39.245  INFO 6384 --- [restartedMain] org.hibernate.dialect.Dialect            : HHH000400: Using dialect: org.hibernate.dialect.H2Dialect
2020-01-29 12:16:39.266  INFO 6384 --- [restartedMain] o.h.t.schema.internal.SchemaCreatorImpl  : HHH000476: Executing import script 'org.hibernate.tool.schema.internal.exec.ScriptSourceInputNonExistentImpl@4b0add6e'
2020-01-29 12:16:39.267  INFO 6384 --- [restartedMain] j.LocalContainerEntityManagerFactoryBean : Initialized JPA EntityManagerFactory for persistence unit 'default'
2020-01-29 12:16:39.288  INFO 6384 --- [restartedMain] o.s.b.d.a.OptionalLiveReloadServer       : LiveReload server is running on port 35729
2020-01-29 12:16:39.521  INFO 6384 --- [restartedMain] com.mail.emailservice.aop.LoggingAspect  : Execution time of MailConfiguration.getMailSender :: 10 ms
2020-01-29 12:16:39.766  INFO 6384 --- [restartedMain] .s.s.UserDetailsServiceAutoConfiguration : 

Using generated security password: b9cff098-8aca-4016-81b0-a66bc5f8c567

2020-01-29 12:16:39.813  WARN 6384 --- [restartedMain] aWebConfiguration$JpaWebMvcConfiguration : spring.jpa.open-in-view is enabled by default. Therefore, database queries may be performed during view rendering. Explicitly configure spring.jpa.open-in-view to disable this warning
2020-01-29 12:16:39.928  INFO 6384 --- [restartedMain] o.s.s.web.DefaultSecurityFilterChain     : Creating filter chain: any request, [org.springframework.security.web.context.request.async.WebAsyncManagerIntegrationFilter@17940d5f, org.springframework.security.web.context.SecurityContextPersistenceFilter@472aa6a1, org.springframework.security.web.header.HeaderWriterFilter@686409a4, org.springframework.web.filter.CorsFilter@43217652, org.springframework.security.web.authentication.logout.LogoutFilter@5bac3fe0, org.springframework.security.web.savedrequest.RequestCacheAwareFilter@2c3d071a, org.springframework.security.web.servletapi.SecurityContextHolderAwareRequestFilter@645c1210, org.springframework.security.web.authentication.AnonymousAuthenticationFilter@1697aeeb, org.springframework.security.web.session.SessionManagementFilter@617bd685, org.springframework.security.web.access.ExceptionTranslationFilter@6b901d9b, org.springframework.security.web.access.intercept.FilterSecurityInterceptor@4132702c]
2020-01-29 12:16:40.023  INFO 6384 --- [restartedMain] o.s.s.concurrent.ThreadPoolTaskExecutor  : Initializing ExecutorService 'applicationTaskExecutor'
2020-01-29 12:16:40.254  INFO 6384 --- [restartedMain] o.s.b.w.embedded.tomcat.TomcatWebServer  : Tomcat started on port(s): 9090 (http) with context path ''
2020-01-29 12:16:40.256  INFO 6384 --- [restartedMain] c.m.e.EmailServiceApplication            : Started EmailServiceApplication in 2.585 seconds (JVM running for 85.15)
2020-01-29 12:16:40.260  INFO 6384 --- [restartedMain] .ConditionEvaluationDeltaLoggingListener : Condition evaluation unchanged
2020-01-29 13:35:19.125  INFO 5824 --- [restartedMain] c.m.e.EmailServiceApplication            : Starting EmailServiceApplication on LAPTOP-RBH83UE9 with PID 5824 (C:\software\test\email-service\target\classes started by errcn in C:\software\test\email-service)
2020-01-29 13:35:19.129  INFO 5824 --- [restartedMain] c.m.e.EmailServiceApplication            : No active profile set, falling back to default profiles: default
2020-01-29 13:35:19.260  INFO 5824 --- [restartedMain] .e.DevToolsPropertyDefaultsPostProcessor : Devtools property defaults active! Set 'spring.devtools.add-properties' to 'false' to disable
2020-01-29 13:35:19.261  INFO 5824 --- [restartedMain] .e.DevToolsPropertyDefaultsPostProcessor : For additional web related logging consider setting the 'logging.level.web' property to 'DEBUG'
2020-01-29 13:35:22.563  INFO 5824 --- [restartedMain] .s.d.r.c.RepositoryConfigurationDelegate : Bootstrapping Spring Data repositories in DEFAULT mode.
2020-01-29 13:35:22.660  INFO 5824 --- [restartedMain] .s.d.r.c.RepositoryConfigurationDelegate : Finished Spring Data repository scanning in 66ms. Found 0 repository interfaces.
2020-01-29 13:35:23.819  INFO 5824 --- [restartedMain] trationDelegate$BeanPostProcessorChecker : Bean 'org.springframework.transaction.annotation.ProxyTransactionManagementConfiguration' of type [org.springframework.transaction.annotation.ProxyTransactionManagementConfiguration$$EnhancerBySpringCGLIB$$9ba4690e] is not eligible for getting processed by all BeanPostProcessors (for example: not eligible for auto-proxying)
2020-01-29 13:35:24.127  INFO 5824 --- [restartedMain] trationDelegate$BeanPostProcessorChecker : Bean 'org.springframework.security.config.annotation.configuration.ObjectPostProcessorConfiguration' of type [org.springframework.security.config.annotation.configuration.ObjectPostProcessorConfiguration$$EnhancerBySpringCGLIB$$34523148] is not eligible for getting processed by all BeanPostProcessors (for example: not eligible for auto-proxying)
2020-01-29 13:35:24.139  INFO 5824 --- [restartedMain] trationDelegate$BeanPostProcessorChecker : Bean 'objectPostProcessor' of type [org.springframework.security.config.annotation.configuration.AutowireBeanFactoryObjectPostProcessor] is not eligible for getting processed by all BeanPostProcessors (for example: not eligible for auto-proxying)
2020-01-29 13:35:24.264  INFO 5824 --- [restartedMain] trationDelegate$BeanPostProcessorChecker : Bean 'org.springframework.security.access.expression.method.DefaultMethodSecurityExpressionHandler@61bde5b6' of type [org.springframework.security.access.expression.method.DefaultMethodSecurityExpressionHandler] is not eligible for getting processed by all BeanPostProcessors (for example: not eligible for auto-proxying)
2020-01-29 13:35:24.286  INFO 5824 --- [restartedMain] trationDelegate$BeanPostProcessorChecker : Bean 'org.springframework.security.config.annotation.method.configuration.GlobalMethodSecurityConfiguration' of type [org.springframework.security.config.annotation.method.configuration.GlobalMethodSecurityConfiguration$$EnhancerBySpringCGLIB$$5926d3fa] is not eligible for getting processed by all BeanPostProcessors (for example: not eligible for auto-proxying)
2020-01-29 13:35:24.331  INFO 5824 --- [restartedMain] trationDelegate$BeanPostProcessorChecker : Bean 'org.springframework.security.config.annotation.method.configuration.Jsr250MetadataSourceConfiguration' of type [org.springframework.security.config.annotation.method.configuration.Jsr250MetadataSourceConfiguration$$EnhancerBySpringCGLIB$$7e7bec10] is not eligible for getting processed by all BeanPostProcessors (for example: not eligible for auto-proxying)
2020-01-29 13:35:24.340  INFO 5824 --- [restartedMain] trationDelegate$BeanPostProcessorChecker : Bean 'jsr250MethodSecurityMetadataSource' of type [org.springframework.security.access.annotation.Jsr250MethodSecurityMetadataSource] is not eligible for getting processed by all BeanPostProcessors (for example: not eligible for auto-proxying)
2020-01-29 13:35:24.389  INFO 5824 --- [restartedMain] trationDelegate$BeanPostProcessorChecker : Bean 'methodSecurityMetadataSource' of type [org.springframework.security.access.method.DelegatingMethodSecurityMetadataSource] is not eligible for getting processed by all BeanPostProcessors (for example: not eligible for auto-proxying)
2020-01-29 13:35:24.401  INFO 5824 --- [restartedMain] trationDelegate$BeanPostProcessorChecker : Bean 'org.springframework.hateoas.config.HateoasConfiguration' of type [org.springframework.hateoas.config.HateoasConfiguration$$EnhancerBySpringCGLIB$$1b24b640] is not eligible for getting processed by all BeanPostProcessors (for example: not eligible for auto-proxying)
2020-01-29 13:35:26.396  INFO 5824 --- [restartedMain] o.s.b.w.embedded.tomcat.TomcatWebServer  : Tomcat initialized with port(s): 9090 (http)
2020-01-29 13:35:26.457  INFO 5824 --- [restartedMain] o.apache.catalina.core.StandardService   : Starting service [Tomcat]
2020-01-29 13:35:26.457  INFO 5824 --- [restartedMain] org.apache.catalina.core.StandardEngine  : Starting Servlet engine: [Apache Tomcat/9.0.22]
2020-01-29 13:35:26.746  INFO 5824 --- [restartedMain] o.a.c.c.C.[Tomcat].[localhost].[/]       : Initializing Spring embedded WebApplicationContext
2020-01-29 13:35:26.747  INFO 5824 --- [restartedMain] o.s.web.context.ContextLoader            : Root WebApplicationContext: initialization completed in 7486 ms
2020-01-29 13:35:27.419  INFO 5824 --- [restartedMain] com.zaxxer.hikari.HikariDataSource       : HikariPool-1 - Starting...
2020-01-29 13:35:27.750  INFO 5824 --- [restartedMain] com.zaxxer.hikari.HikariDataSource       : HikariPool-1 - Start completed.
2020-01-29 13:35:27.893  INFO 5824 --- [restartedMain] o.hibernate.jpa.internal.util.LogHelper  : HHH000204: Processing PersistenceUnitInfo [
	name: default
	...]
2020-01-29 13:35:28.006  INFO 5824 --- [restartedMain] org.hibernate.Version                    : HHH000412: Hibernate Core {5.3.10.Final}
2020-01-29 13:35:28.009  INFO 5824 --- [restartedMain] org.hibernate.cfg.Environment            : HHH000206: hibernate.properties not found
2020-01-29 13:35:28.270  INFO 5824 --- [restartedMain] o.hibernate.annotations.common.Version   : HCANN000001: Hibernate Commons Annotations {5.0.4.Final}
2020-01-29 13:35:28.578  INFO 5824 --- [restartedMain] org.hibernate.dialect.Dialect            : HHH000400: Using dialect: org.hibernate.dialect.H2Dialect
2020-01-29 13:35:28.968  INFO 5824 --- [restartedMain] o.h.t.schema.internal.SchemaCreatorImpl  : HHH000476: Executing import script 'org.hibernate.tool.schema.internal.exec.ScriptSourceInputNonExistentImpl@79fb9324'
2020-01-29 13:35:28.973  INFO 5824 --- [restartedMain] j.LocalContainerEntityManagerFactoryBean : Initialized JPA EntityManagerFactory for persistence unit 'default'
2020-01-29 13:35:29.060  INFO 5824 --- [restartedMain] o.s.b.d.a.OptionalLiveReloadServer       : LiveReload server is running on port 35729
2020-01-29 13:35:29.684  INFO 5824 --- [restartedMain] com.mail.emailservice.aop.LoggingAspect  : Execution time of MailConfiguration.getMailSender :: 17 ms
2020-01-29 13:35:34.765  INFO 5824 --- [restartedMain] .s.s.UserDetailsServiceAutoConfiguration : 

Using generated security password: 554864f4-a56e-4ad5-9026-2b23759814c3

2020-01-29 13:35:35.865  WARN 5824 --- [restartedMain] aWebConfiguration$JpaWebMvcConfiguration : spring.jpa.open-in-view is enabled by default. Therefore, database queries may be performed during view rendering. Explicitly configure spring.jpa.open-in-view to disable this warning
2020-01-29 13:35:36.878  INFO 5824 --- [restartedMain] o.s.s.web.DefaultSecurityFilterChain     : Creating filter chain: any request, [org.springframework.security.web.context.request.async.WebAsyncManagerIntegrationFilter@58fb954a, org.springframework.security.web.context.SecurityContextPersistenceFilter@40ba2341, org.springframework.security.web.header.HeaderWriterFilter@4db1a03d, org.springframework.web.filter.CorsFilter@64365a7c, org.springframework.security.web.authentication.logout.LogoutFilter@47b46b7d, org.springframework.security.web.savedrequest.RequestCacheAwareFilter@140be45, org.springframework.security.web.servletapi.SecurityContextHolderAwareRequestFilter@9c5db3c, org.springframework.security.web.authentication.AnonymousAuthenticationFilter@1901fd64, org.springframework.security.web.session.SessionManagementFilter@1aca802, org.springframework.security.web.access.ExceptionTranslationFilter@7031c682, org.springframework.security.web.access.intercept.FilterSecurityInterceptor@3a654745]
2020-01-29 13:35:39.217  INFO 5824 --- [restartedMain] o.s.s.concurrent.ThreadPoolTaskExecutor  : Initializing ExecutorService 'applicationTaskExecutor'
2020-01-29 13:35:42.962  INFO 5824 --- [restartedMain] o.s.b.w.embedded.tomcat.TomcatWebServer  : Tomcat started on port(s): 9090 (http) with context path ''
2020-01-29 13:35:42.967  INFO 5824 --- [restartedMain] c.m.e.EmailServiceApplication            : Started EmailServiceApplication in 25.841 seconds (JVM running for 28.849)
2020-01-29 13:44:53.103  INFO 5824 --- [http-nio-9090-exec-1] o.a.c.c.C.[Tomcat].[localhost].[/]       : Initializing Spring DispatcherServlet 'dispatcherServlet'
2020-01-29 13:44:53.104  INFO 5824 --- [http-nio-9090-exec-1] o.s.web.servlet.DispatcherServlet        : Initializing Servlet 'dispatcherServlet'
2020-01-29 13:44:53.147  INFO 5824 --- [http-nio-9090-exec-1] o.s.web.servlet.DispatcherServlet        : Completed initialization in 43 ms
2020-01-29 13:44:53.756  INFO 5824 --- [http-nio-9090-exec-1] e.EmailServiceApplication$mailController : 
2020-01-29 13:45:01.013  INFO 5824 --- [http-nio-9090-exec-1] com.mail.emailservice.aop.LoggingAspect  : Execution time of MailServiceImpl.sendEmail :: 7257 ms
2020-01-29 13:45:01.014  INFO 5824 --- [http-nio-9090-exec-1] com.mail.emailservice.aop.LoggingAspect  : Execution time of mailController.mail :: 7265 ms
2020-01-29 13:45:41.619  INFO 5824 --- [Thread-5] o.s.s.concurrent.ThreadPoolTaskExecutor  : Shutting down ExecutorService 'applicationTaskExecutor'
2020-01-29 13:45:41.621  INFO 5824 --- [Thread-5] j.LocalContainerEntityManagerFactoryBean : Closing JPA EntityManagerFactory for persistence unit 'default'
2020-01-29 13:45:41.622  INFO 5824 --- [Thread-5] .SchemaDropperImpl$DelayedDropActionImpl : HHH000477: Starting delayed evictData of schema as part of SessionFactory shut-down'
2020-01-29 13:45:41.649  WARN 5824 --- [Thread-5] o.s.b.f.support.DisposableBeanAdapter    : Invocation of destroy method failed on bean with name 'inMemoryDatabaseShutdownExecutor': org.h2.jdbc.JdbcSQLNonTransientConnectionException: Database is already closed (to disable automatic closing at VM shutdown, add ";DB_CLOSE_ON_EXIT=FALSE" to the db URL) [90121-199]
2020-01-29 13:45:41.650  INFO 5824 --- [Thread-5] com.zaxxer.hikari.HikariDataSource       : HikariPool-1 - Shutdown initiated...
2020-01-29 13:45:41.658  INFO 5824 --- [Thread-5] com.zaxxer.hikari.HikariDataSource       : HikariPool-1 - Shutdown completed.
2020-01-29 13:45:42.484  INFO 5824 --- [restartedMain] c.m.e.EmailServiceApplication            : Starting EmailServiceApplication on LAPTOP-RBH83UE9 with PID 5824 (C:\software\test\email-service\target\classes started by errcn in C:\software\test\email-service)
2020-01-29 13:45:42.489  INFO 5824 --- [restartedMain] c.m.e.EmailServiceApplication            : No active profile set, falling back to default profiles: default
2020-01-29 13:45:43.126  INFO 5824 --- [restartedMain] .s.d.r.c.RepositoryConfigurationDelegate : Bootstrapping Spring Data repositories in DEFAULT mode.
2020-01-29 13:45:43.136  INFO 5824 --- [restartedMain] .s.d.r.c.RepositoryConfigurationDelegate : Finished Spring Data repository scanning in 9ms. Found 0 repository interfaces.
2020-01-29 13:45:43.282  INFO 5824 --- [restartedMain] trationDelegate$BeanPostProcessorChecker : Bean 'org.springframework.transaction.annotation.ProxyTransactionManagementConfiguration' of type [org.springframework.transaction.annotation.ProxyTransactionManagementConfiguration$$EnhancerBySpringCGLIB$$9ba4690e] is not eligible for getting processed by all BeanPostProcessors (for example: not eligible for auto-proxying)
2020-01-29 13:45:43.295  INFO 5824 --- [restartedMain] trationDelegate$BeanPostProcessorChecker : Bean 'org.springframework.security.config.annotation.configuration.ObjectPostProcessorConfiguration' of type [org.springframework.security.config.annotation.configuration.ObjectPostProcessorConfiguration$$EnhancerBySpringCGLIB$$34523148] is not eligible for getting processed by all BeanPostProcessors (for example: not eligible for auto-proxying)
2020-01-29 13:45:43.298  INFO 5824 --- [restartedMain] trationDelegate$BeanPostProcessorChecker : Bean 'objectPostProcessor' of type [org.springframework.security.config.annotation.configuration.AutowireBeanFactoryObjectPostProcessor] is not eligible for getting processed by all BeanPostProcessors (for example: not eligible for auto-proxying)
2020-01-29 13:45:43.300  INFO 5824 --- [restartedMain] trationDelegate$BeanPostProcessorChecker : Bean 'org.springframework.security.access.expression.method.DefaultMethodSecurityExpressionHandler@52833d54' of type [org.springframework.security.access.expression.method.DefaultMethodSecurityExpressionHandler] is not eligible for getting processed by all BeanPostProcessors (for example: not eligible for auto-proxying)
2020-01-29 13:45:43.303  INFO 5824 --- [restartedMain] trationDelegate$BeanPostProcessorChecker : Bean 'org.springframework.security.config.annotation.method.configuration.GlobalMethodSecurityConfiguration' of type [org.springframework.security.config.annotation.method.configuration.GlobalMethodSecurityConfiguration$$EnhancerBySpringCGLIB$$5926d3fa] is not eligible for getting processed by all BeanPostProcessors (for example: not eligible for auto-proxying)
2020-01-29 13:45:43.309  INFO 5824 --- [restartedMain] trationDelegate$BeanPostProcessorChecker : Bean 'org.springframework.security.config.annotation.method.configuration.Jsr250MetadataSourceConfiguration' of type [org.springframework.security.config.annotation.method.configuration.Jsr250MetadataSourceConfiguration$$EnhancerBySpringCGLIB$$7e7bec10] is not eligible for getting processed by all BeanPostProcessors (for example: not eligible for auto-proxying)
2020-01-29 13:45:43.310  INFO 5824 --- [restartedMain] trationDelegate$BeanPostProcessorChecker : Bean 'jsr250MethodSecurityMetadataSource' of type [org.springframework.security.access.annotation.Jsr250MethodSecurityMetadataSource] is not eligible for getting processed by all BeanPostProcessors (for example: not eligible for auto-proxying)
2020-01-29 13:45:43.310  INFO 5824 --- [restartedMain] trationDelegate$BeanPostProcessorChecker : Bean 'methodSecurityMetadataSource' of type [org.springframework.security.access.method.DelegatingMethodSecurityMetadataSource] is not eligible for getting processed by all BeanPostProcessors (for example: not eligible for auto-proxying)
2020-01-29 13:45:43.313  INFO 5824 --- [restartedMain] trationDelegate$BeanPostProcessorChecker : Bean 'org.springframework.hateoas.config.HateoasConfiguration' of type [org.springframework.hateoas.config.HateoasConfiguration$$EnhancerBySpringCGLIB$$1b24b640] is not eligible for getting processed by all BeanPostProcessors (for example: not eligible for auto-proxying)
2020-01-29 13:45:43.528  INFO 5824 --- [restartedMain] o.s.b.w.embedded.tomcat.TomcatWebServer  : Tomcat initialized with port(s): 9090 (http)
2020-01-29 13:45:43.530  INFO 5824 --- [restartedMain] o.apache.catalina.core.StandardService   : Starting service [Tomcat]
2020-01-29 13:45:43.530  INFO 5824 --- [restartedMain] org.apache.catalina.core.StandardEngine  : Starting Servlet engine: [Apache Tomcat/9.0.22]
2020-01-29 13:45:43.554  INFO 5824 --- [restartedMain] o.a.c.c.C.[Tomcat].[localhost].[/]       : Initializing Spring embedded WebApplicationContext
2020-01-29 13:45:43.555  INFO 5824 --- [restartedMain] o.s.web.context.ContextLoader            : Root WebApplicationContext: initialization completed in 1056 ms
2020-01-29 13:45:43.683  INFO 5824 --- [restartedMain] com.zaxxer.hikari.HikariDataSource       : HikariPool-2 - Starting...
2020-01-29 13:45:43.687  INFO 5824 --- [restartedMain] com.zaxxer.hikari.HikariDataSource       : HikariPool-2 - Start completed.
2020-01-29 13:45:43.701  INFO 5824 --- [restartedMain] o.hibernate.jpa.internal.util.LogHelper  : HHH000204: Processing PersistenceUnitInfo [
	name: default
	...]
2020-01-29 13:45:43.716  INFO 5824 --- [restartedMain] org.hibernate.dialect.Dialect            : HHH000400: Using dialect: org.hibernate.dialect.H2Dialect
2020-01-29 13:45:43.734  INFO 5824 --- [restartedMain] o.h.t.schema.internal.SchemaCreatorImpl  : HHH000476: Executing import script 'org.hibernate.tool.schema.internal.exec.ScriptSourceInputNonExistentImpl@79fb9324'
2020-01-29 13:45:43.735  INFO 5824 --- [restartedMain] j.LocalContainerEntityManagerFactoryBean : Initialized JPA EntityManagerFactory for persistence unit 'default'
2020-01-29 13:45:43.758  INFO 5824 --- [restartedMain] o.s.b.d.a.OptionalLiveReloadServer       : LiveReload server is running on port 35729
2020-01-29 13:45:43.988  INFO 5824 --- [restartedMain] com.mail.emailservice.aop.LoggingAspect  : Execution time of MailConfiguration.getMailSender :: 11 ms
2020-01-29 13:45:44.200  INFO 5824 --- [restartedMain] .s.s.UserDetailsServiceAutoConfiguration : 

Using generated security password: 88f58a61-45cc-481e-8087-4a0449cce55c

2020-01-29 13:45:44.242  WARN 5824 --- [restartedMain] aWebConfiguration$JpaWebMvcConfiguration : spring.jpa.open-in-view is enabled by default. Therefore, database queries may be performed during view rendering. Explicitly configure spring.jpa.open-in-view to disable this warning
2020-01-29 13:45:44.373  INFO 5824 --- [restartedMain] o.s.s.web.DefaultSecurityFilterChain     : Creating filter chain: any request, [org.springframework.security.web.context.request.async.WebAsyncManagerIntegrationFilter@1b5c4919, org.springframework.security.web.context.SecurityContextPersistenceFilter@352efc1e, org.springframework.security.web.header.HeaderWriterFilter@451059bd, org.springframework.web.filter.CorsFilter@2bfef725, org.springframework.security.web.authentication.logout.LogoutFilter@31694e92, org.springframework.security.web.savedrequest.RequestCacheAwareFilter@196fcea0, org.springframework.security.web.servletapi.SecurityContextHolderAwareRequestFilter@6bca32a3, org.springframework.security.web.authentication.AnonymousAuthenticationFilter@1dfc7a37, org.springframework.security.web.session.SessionManagementFilter@26bf88c0, org.springframework.security.web.access.ExceptionTranslationFilter@1824a007, org.springframework.security.web.access.intercept.FilterSecurityInterceptor@648e35cf]
